LINE 154 : 2019-10-03 00:22:52,177 [INFO    ] Connecting to Enrichr Server to get latest library names
LINE 205 : 2019-10-03 00:22:52,177 [DEBUG   ] Starting new HTTP connection (1): amp.pharm.mssm.edu:80
LINE 393 : 2019-10-03 00:22:52,376 [DEBUG   ] http://amp.pharm.mssm.edu:80 "GET /Enrichr/datasetStatistics HTTP/1.1" 200 None
LINE 158 : 2019-10-03 00:22:52,476 [INFO    ] Libraries are used: KEGG_2016
LINE 166 : 2019-10-03 00:22:52,476 [DEBUG   ] Start Enrichr using library: KEGG_2016
LINE 167 : 2019-10-03 00:22:52,476 [INFO    ] Analysis name: Phosphoproteomics_Comparisons, Enrichr Library: KEGG_2016
LINE 205 : 2019-10-03 00:22:52,476 [DEBUG   ] Starting new HTTP connection (1): amp.pharm.mssm.edu:80
LINE 393 : 2019-10-03 00:22:52,708 [DEBUG   ] http://amp.pharm.mssm.edu:80 "POST /Enrichr/addList HTTP/1.1" 200 74
LINE 205 : 2019-10-03 00:22:53,723 [DEBUG   ] Starting new HTTP connection (1): amp.pharm.mssm.edu:80
LINE 393 : 2019-10-03 00:22:53,928 [DEBUG   ] http://amp.pharm.mssm.edu:80 "GET /Enrichr/export?userListId=19111088&filename=KEGG_2016.Phosphoproteomics_Comparisons.reports&backgroundType=KEGG_2016 HTTP/1.1" 200 4193
LINE 178 : 2019-10-03 00:22:56,940 [INFO    ] Save file of enrichment results: Job Id:dcc950789a2c3c8ea9bc090be102eeff
LINE 2515: 2019-10-03 00:22:57,025 [DEBUG   ] update_title_pos
LINE 1254: 2019-10-03 00:22:57,025 [DEBUG   ] findfont: Matching :family=sans-serif:style=normal:variant=normal:weight=normal:stretch=normal:size=24.0 to DejaVu Sans ('C:\\Users\\brittany henderson\\Anaconda3\\envs\\Research\\lib\\site-packages\\matplotlib\\mpl-data\\fonts\\ttf\\DejaVuSans.ttf') with score of 0.050000.
LINE 653 : 2019-10-03 00:22:57,025 [DEBUG   ] Assigning font /b'F1' = 'C:\\Users\\brittany henderson\\Anaconda3\\envs\\Research\\lib\\site-packages\\matplotlib\\mpl-data\\fonts\\ttf\\DejaVuSans.ttf'
LINE 1254: 2019-10-03 00:22:57,040 [DEBUG   ] findfont: Matching :family=sans-serif:style=normal:variant=normal:weight=bold:stretch=normal:size=24.0 to DejaVu Sans ('C:\\Users\\brittany henderson\\Anaconda3\\envs\\Research\\lib\\site-packages\\matplotlib\\mpl-data\\fonts\\ttf\\DejaVuSans-Bold.ttf') with score of 0.000000.
LINE 1254: 2019-10-03 00:22:57,040 [DEBUG   ] findfont: Matching :family=STIXGeneral:style=normal:variant=normal:weight=normal:stretch=normal:size=10.0 to STIXGeneral ('C:\\Users\\brittany henderson\\Anaconda3\\envs\\Research\\lib\\site-packages\\matplotlib\\mpl-data\\fonts\\ttf\\STIXGeneral.ttf') with score of 0.050000.
LINE 1254: 2019-10-03 00:22:57,056 [DEBUG   ] findfont: Matching :family=STIXGeneral:style=italic:variant=normal:weight=normal:stretch=normal:size=10.0 to STIXGeneral ('C:\\Users\\brittany henderson\\Anaconda3\\envs\\Research\\lib\\site-packages\\matplotlib\\mpl-data\\fonts\\ttf\\STIXGeneralItalic.ttf') with score of 0.050000.
LINE 1254: 2019-10-03 00:22:57,056 [DEBUG   ] findfont: Matching :family=STIXGeneral:style=normal:variant=normal:weight=bold:stretch=normal:size=10.0 to STIXGeneral ('C:\\Users\\brittany henderson\\Anaconda3\\envs\\Research\\lib\\site-packages\\matplotlib\\mpl-data\\fonts\\ttf\\STIXGeneralBol.ttf') with score of 0.000000.
LINE 1254: 2019-10-03 00:22:57,056 [DEBUG   ] findfont: Matching :family=STIXNonUnicode:style=normal:variant=normal:weight=normal:stretch=normal:size=10.0 to STIXNonUnicode ('C:\\Users\\brittany henderson\\Anaconda3\\envs\\Research\\lib\\site-packages\\matplotlib\\mpl-data\\fonts\\ttf\\STIXNonUni.ttf') with score of 0.050000.
LINE 1254: 2019-10-03 00:22:57,056 [DEBUG   ] findfont: Matching :family=STIXNonUnicode:style=italic:variant=normal:weight=normal:stretch=normal:size=10.0 to STIXNonUnicode ('C:\\Users\\brittany henderson\\Anaconda3\\envs\\Research\\lib\\site-packages\\matplotlib\\mpl-data\\fonts\\ttf\\STIXNonUniIta.ttf') with score of 0.050000.
LINE 1254: 2019-10-03 00:22:57,056 [DEBUG   ] findfont: Matching :family=STIXNonUnicode:style=normal:variant=normal:weight=bold:stretch=normal:size=10.0 to STIXNonUnicode ('C:\\Users\\brittany henderson\\Anaconda3\\envs\\Research\\lib\\site-packages\\matplotlib\\mpl-data\\fonts\\ttf\\STIXNonUniBol.ttf') with score of 0.000000.
LINE 1254: 2019-10-03 00:22:57,072 [DEBUG   ] findfont: Matching :family=STIXSizeOneSym:style=normal:variant=normal:weight=normal:stretch=normal:size=10.0 to STIXSizeOneSym ('C:\\Users\\brittany henderson\\Anaconda3\\envs\\Research\\lib\\site-packages\\matplotlib\\mpl-data\\fonts\\ttf\\STIXSizOneSymReg.ttf') with score of 0.050000.
LINE 1254: 2019-10-03 00:22:57,072 [DEBUG   ] findfont: Matching :family=STIXSizeTwoSym:style=normal:variant=normal:weight=normal:stretch=normal:size=10.0 to STIXSizeTwoSym ('C:\\Users\\brittany henderson\\Anaconda3\\envs\\Research\\lib\\site-packages\\matplotlib\\mpl-data\\fonts\\ttf\\STIXSizTwoSymReg.ttf') with score of 0.050000.
LINE 1254: 2019-10-03 00:22:57,072 [DEBUG   ] findfont: Matching :family=STIXSizeThreeSym:style=normal:variant=normal:weight=normal:stretch=normal:size=10.0 to STIXSizeThreeSym ('C:\\Users\\brittany henderson\\Anaconda3\\envs\\Research\\lib\\site-packages\\matplotlib\\mpl-data\\fonts\\ttf\\STIXSizThreeSymReg.ttf') with score of 0.050000.
LINE 1254: 2019-10-03 00:22:57,087 [DEBUG   ] findfont: Matching :family=STIXSizeFourSym:style=normal:variant=normal:weight=normal:stretch=normal:size=10.0 to STIXSizeFourSym ('C:\\Users\\brittany henderson\\Anaconda3\\envs\\Research\\lib\\site-packages\\matplotlib\\mpl-data\\fonts\\ttf\\STIXSizFourSymReg.ttf') with score of 0.050000.
LINE 1254: 2019-10-03 00:22:57,087 [DEBUG   ] findfont: Matching :family=STIXSizeFiveSym:style=normal:variant=normal:weight=normal:stretch=normal:size=10.0 to STIXSizeFiveSym ('C:\\Users\\brittany henderson\\Anaconda3\\envs\\Research\\lib\\site-packages\\matplotlib\\mpl-data\\fonts\\ttf\\STIXSizFiveSymReg.ttf') with score of 0.050000.
LINE 1254: 2019-10-03 00:22:57,094 [DEBUG   ] findfont: Matching :family=cmsy10:style=normal:variant=normal:weight=normal:stretch=normal:size=10.0 to cmsy10 ('C:\\Users\\brittany henderson\\Anaconda3\\envs\\Research\\lib\\site-packages\\matplotlib\\mpl-data\\fonts\\ttf\\cmsy10.ttf') with score of 0.050000.
LINE 1254: 2019-10-03 00:22:57,094 [DEBUG   ] findfont: Matching :family=cmr10:style=normal:variant=normal:weight=normal:stretch=normal:size=10.0 to cmr10 ('C:\\Users\\brittany henderson\\Anaconda3\\envs\\Research\\lib\\site-packages\\matplotlib\\mpl-data\\fonts\\ttf\\cmr10.ttf') with score of 0.050000.
LINE 1254: 2019-10-03 00:22:57,094 [DEBUG   ] findfont: Matching :family=cmtt10:style=normal:variant=normal:weight=normal:stretch=normal:size=10.0 to cmtt10 ('C:\\Users\\brittany henderson\\Anaconda3\\envs\\Research\\lib\\site-packages\\matplotlib\\mpl-data\\fonts\\ttf\\cmtt10.ttf') with score of 0.050000.
LINE 1254: 2019-10-03 00:22:57,109 [DEBUG   ] findfont: Matching :family=cmmi10:style=normal:variant=normal:weight=normal:stretch=normal:size=10.0 to cmmi10 ('C:\\Users\\brittany henderson\\Anaconda3\\envs\\Research\\lib\\site-packages\\matplotlib\\mpl-data\\fonts\\ttf\\cmmi10.ttf') with score of 0.050000.
LINE 1254: 2019-10-03 00:22:57,109 [DEBUG   ] findfont: Matching :family=cmb10:style=normal:variant=normal:weight=normal:stretch=normal:size=10.0 to cmb10 ('C:\\Users\\brittany henderson\\Anaconda3\\envs\\Research\\lib\\site-packages\\matplotlib\\mpl-data\\fonts\\ttf\\cmb10.ttf') with score of 0.050000.
LINE 1254: 2019-10-03 00:22:57,109 [DEBUG   ] findfont: Matching :family=cmss10:style=normal:variant=normal:weight=normal:stretch=normal:size=10.0 to cmss10 ('C:\\Users\\brittany henderson\\Anaconda3\\envs\\Research\\lib\\site-packages\\matplotlib\\mpl-data\\fonts\\ttf\\cmss10.ttf') with score of 0.050000.
LINE 1254: 2019-10-03 00:22:57,125 [DEBUG   ] findfont: Matching :family=cmex10:style=normal:variant=normal:weight=normal:stretch=normal:size=10.0 to cmex10 ('C:\\Users\\brittany henderson\\Anaconda3\\envs\\Research\\lib\\site-packages\\matplotlib\\mpl-data\\fonts\\ttf\\cmex10.ttf') with score of 0.050000.
LINE 1254: 2019-10-03 00:22:57,125 [DEBUG   ] findfont: Matching :family=DejaVu Sans:style=normal:variant=normal:weight=normal:stretch=normal:size=10.0 to DejaVu Sans ('C:\\Users\\brittany henderson\\Anaconda3\\envs\\Research\\lib\\site-packages\\matplotlib\\mpl-data\\fonts\\ttf\\DejaVuSans.ttf') with score of 0.050000.
LINE 1254: 2019-10-03 00:22:57,125 [DEBUG   ] findfont: Matching :family=DejaVu Sans:style=italic:variant=normal:weight=normal:stretch=normal:size=10.0 to DejaVu Sans ('C:\\Users\\brittany henderson\\Anaconda3\\envs\\Research\\lib\\site-packages\\matplotlib\\mpl-data\\fonts\\ttf\\DejaVuSans-Oblique.ttf') with score of 0.150000.
LINE 1254: 2019-10-03 00:22:57,125 [DEBUG   ] findfont: Matching :family=DejaVu Sans:style=normal:variant=normal:weight=bold:stretch=normal:size=10.0 to DejaVu Sans ('C:\\Users\\brittany henderson\\Anaconda3\\envs\\Research\\lib\\site-packages\\matplotlib\\mpl-data\\fonts\\ttf\\DejaVuSans-Bold.ttf') with score of 0.000000.
LINE 1254: 2019-10-03 00:22:57,141 [DEBUG   ] findfont: Matching :family=DejaVu Sans Mono:style=normal:variant=normal:weight=normal:stretch=normal:size=10.0 to DejaVu Sans Mono ('C:\\Users\\brittany henderson\\Anaconda3\\envs\\Research\\lib\\site-packages\\matplotlib\\mpl-data\\fonts\\ttf\\DejaVuSansMono.ttf') with score of 0.050000.
LINE 1254: 2019-10-03 00:22:57,141 [DEBUG   ] findfont: Matching :family=DejaVu Sans Display:style=normal:variant=normal:weight=normal:stretch=normal:size=10.0 to DejaVu Sans Display ('C:\\Users\\brittany henderson\\Anaconda3\\envs\\Research\\lib\\site-packages\\matplotlib\\mpl-data\\fonts\\ttf\\DejaVuSansDisplay.ttf') with score of 0.050000.
LINE 653 : 2019-10-03 00:22:57,439 [DEBUG   ] Assigning font /b'F2' = 'C:\\Users\\brittany henderson\\Anaconda3\\envs\\Research\\lib\\site-packages\\matplotlib\\mpl-data\\fonts\\ttf\\DejaVuSans-Bold.ttf'
LINE 703 : 2019-10-03 00:22:57,452 [DEBUG   ] Embedding font C:\Users\brittany henderson\Anaconda3\envs\Research\lib\site-packages\matplotlib\mpl-data\fonts\ttf\DejaVuSans-Bold.ttf.
LINE 710 : 2019-10-03 00:22:57,452 [DEBUG   ] Writing TrueType font.
LINE 703 : 2019-10-03 00:22:57,480 [DEBUG   ] Embedding font C:\Users\brittany henderson\Anaconda3\envs\Research\lib\site-packages\matplotlib\mpl-data\fonts\ttf\DejaVuSans.ttf.
LINE 710 : 2019-10-03 00:22:57,480 [DEBUG   ] Writing TrueType font.
LINE 2515: 2019-10-03 00:22:57,506 [DEBUG   ] update_title_pos
LINE 2515: 2019-10-03 00:22:57,521 [DEBUG   ] update_title_pos
LINE 2515: 2019-10-03 00:22:57,537 [DEBUG   ] update_title_pos
LINE 653 : 2019-10-03 00:22:57,552 [DEBUG   ] Assigning font /b'F1' = 'C:\\Users\\brittany henderson\\Anaconda3\\envs\\Research\\lib\\site-packages\\matplotlib\\mpl-data\\fonts\\ttf\\DejaVuSans.ttf'
LINE 653 : 2019-10-03 00:22:57,568 [DEBUG   ] Assigning font /b'F2' = 'C:\\Users\\brittany henderson\\Anaconda3\\envs\\Research\\lib\\site-packages\\matplotlib\\mpl-data\\fonts\\ttf\\DejaVuSans-Bold.ttf'
LINE 703 : 2019-10-03 00:22:57,568 [DEBUG   ] Embedding font C:\Users\brittany henderson\Anaconda3\envs\Research\lib\site-packages\matplotlib\mpl-data\fonts\ttf\DejaVuSans-Bold.ttf.
LINE 710 : 2019-10-03 00:22:57,568 [DEBUG   ] Writing TrueType font.
LINE 703 : 2019-10-03 00:22:57,606 [DEBUG   ] Embedding font C:\Users\brittany henderson\Anaconda3\envs\Research\lib\site-packages\matplotlib\mpl-data\fonts\ttf\DejaVuSans.ttf.
LINE 710 : 2019-10-03 00:22:57,606 [DEBUG   ] Writing TrueType font.
LINE 193 : 2019-10-03 00:22:57,621 [INFO    ] Done.

